# JRE version: OpenJDK Runtime Environment (8.0_242-b01) (build 1.8.0_242-release-1644-b01)
# Java VM: OpenJDK 64-Bit Server VM (25.242-b01 mixed mode windows-amd64 compressed oops)
Heap:
 PSYoungGen      total 624640K, used 193305K [0x00000000d5580000, 0x0000000100000000, 0x0000000100000000)
  eden space 551424K, 35% used [0x00000000d5580000,0x00000000e12464a0,0x00000000f7000000)
  from space 73216K, 0% used [0x00000000fb880000,0x00000000fb880000,0x0000000100000000)
  to   space 73728K, 0% used [0x00000000f7000000,0x00000000f7000000,0x00000000fb800000)
 ParOldGen       total 283648K, used 60503K [0x0000000080000000, 0x0000000091500000, 0x00000000d5580000)
  object space 283648K, 21% used [0x0000000080000000,0x0000000083b15ef8,0x0000000091500000)
 Metaspace       used 169258K, capacity 176026K, committed 180684K, reserved 1206272K
  class space    used 22058K, capacity 23406K, committed 24320K, reserved 1048576K
GC Heap History (10 events):
Event: 1277.531 GC heap before
{Heap before GC invocations=49 (full 5):
 PSYoungGen      total 631296K, used 600047K [0x00000000d5580000, 0x0000000100000000, 0x0000000100000000)
  eden space 563712K, 100% used [0x00000000d5580000,0x00000000f7c00000,0x00000000f7c00000)
  from space 67584K, 53% used [0x00000000f7c00000,0x00000000f9f7bf30,0x00000000fbe00000)
  to   space 66560K, 0% used [0x00000000fbf00000,0x00000000fbf00000,0x0000000100000000)
 ParOldGen       total 283648K, used 123748K [0x0000000080000000, 0x0000000091500000, 0x00000000d5580000)
  object space 283648K, 43% used [0x0000000080000000,0x00000000878d92f0,0x0000000091500000)
 Metaspace       used 167881K, capacity 176688K, committed 176972K, reserved 1202176K
  class space    used 22176K, capacity 23899K, committed 23936K, reserved 1048576K
Event: 1277.663 GC heap after
Heap after GC invocations=49 (full 5):
 PSYoungGen      total 620032K, used 55005K [0x00000000d5580000, 0x0000000100000000, 0x0000000100000000)
  eden space 553472K, 0% used [0x00000000d5580000,0x00000000d5580000,0x00000000f7200000)
  from space 66560K, 82% used [0x00000000fbf00000,0x00000000ff4b74b0,0x0000000100000000)
  to   space 72704K, 0% used [0x00000000f7200000,0x00000000f7200000,0x00000000fb900000)
 ParOldGen       total 283648K, used 136275K [0x0000000080000000, 0x0000000091500000, 0x00000000d5580000)
  object space 283648K, 48% used [0x0000000080000000,0x0000000088514ef8,0x0000000091500000)
 Metaspace       used 167881K, capacity 176688K, committed 176972K, reserved 1202176K
  class space    used 22176K, capacity 23899K, committed 23936K, reserved 1048576K
}
Event: 3783.277 GC heap before
{Heap before GC invocations=50 (full 5):
 PSYoungGen      total 620032K, used 100457K [0x00000000d5580000, 0x0000000100000000, 0x0000000100000000)
  eden space 553472K, 8% used [0x00000000d5580000,0x00000000d81e3330,0x00000000f7200000)
  from space 66560K, 82% used [0x00000000fbf00000,0x00000000ff4b74b0,0x0000000100000000)
  to   space 72704K, 0% used [0x00000000f7200000,0x00000000f7200000,0x00000000fb900000)
 ParOldGen       total 283648K, used 136275K [0x0000000080000000, 0x0000000091500000, 0x00000000d5580000)
  object space 283648K, 48% used [0x0000000080000000,0x0000000088514ef8,0x0000000091500000)
 Metaspace       used 171188K, capacity 180244K, committed 180428K, reserved 1206272K
  class space    used 22433K, capacity 24229K, committed 24320K, reserved 1048576K
Event: 3783.542 GC heap after
Heap after GC invocations=50 (full 5):
 PSYoungGen      total 556544K, used 3018K [0x00000000d5580000, 0x0000000100000000, 0x0000000100000000)
  eden space 553472K, 0% used [0x00000000d5580000,0x00000000d5580000,0x00000000f7200000)
  from space 3072K, 98% used [0x00000000f7200000,0x00000000f74f29d8,0x00000000f7500000)
  to   space 73216K, 0% used [0x00000000fb880000,0x00000000fb880000,0x0000000100000000)
 ParOldGen       total 283648K, used 155632K [0x0000000080000000, 0x0000000091500000, 0x00000000d5580000)
  object space 283648K, 54% used [0x0000000080000000,0x00000000897fc088,0x0000000091500000)
 Metaspace       used 171188K, capacity 180244K, committed 180428K, reserved 1206272K
  class space    used 22433K, capacity 24229K, committed 24320K, reserved 1048576K
}
Event: 3783.542 GC heap before
{Heap before GC invocations=51 (full 6):
 PSYoungGen      total 556544K, used 3018K [0x00000000d5580000, 0x0000000100000000, 0x0000000100000000)
  eden space 553472K, 0% used [0x00000000d5580000,0x00000000d5580000,0x00000000f7200000)
  from space 3072K, 98% used [0x00000000f7200000,0x00000000f74f29d8,0x00000000f7500000)
  to   space 73216K, 0% used [0x00000000fb880000,0x00000000fb880000,0x0000000100000000)
 ParOldGen       total 283648K, used 155632K [0x0000000080000000, 0x0000000091500000, 0x00000000d5580000)
  object space 283648K, 54% used [0x0000000080000000,0x00000000897fc088,0x0000000091500000)
 Metaspace       used 171188K, capacity 180244K, committed 180428K, reserved 1206272K
  class space    used 22433K, capacity 24229K, committed 24320K, reserved 1048576K
Event: 3785.570 GC heap after
Heap after GC invocations=51 (full 6):
 PSYoungGen      total 556544K, used 0K [0x00000000d5580000, 0x0000000100000000, 0x0000000100000000)
  eden space 553472K, 0% used [0x00000000d5580000,0x00000000d5580000,0x00000000f7200000)
  from space 3072K, 0% used [0x00000000f7200000,0x00000000f7200000,0x00000000f7500000)
  to   space 73216K, 0% used [0x00000000fb880000,0x00000000fb880000,0x0000000100000000)
 ParOldGen       total 283648K, used 66463K [0x0000000080000000, 0x0000000091500000, 0x00000000d5580000)
  object space 283648K, 23% used [0x0000000080000000,0x00000000840e7ef8,0x0000000091500000)
 Metaspace       used 168275K, capacity 174866K, committed 180428K, reserved 1206272K
  class space    used 21900K, capacity 23232K, committed 24320K, reserved 1048576K
}
Event: 7385.572 GC heap before
{Heap before GC invocations=52 (full 6):
 PSYoungGen      total 556544K, used 28191K [0x00000000d5580000, 0x0000000100000000, 0x0000000100000000)
  eden space 553472K, 5% used [0x00000000d5580000,0x00000000d7107d30,0x00000000f7200000)
  from space 3072K, 0% used [0x00000000f7200000,0x00000000f7200000,0x00000000f7500000)
  to   space 73216K, 0% used [0x00000000fb880000,0x00000000fb880000,0x0000000100000000)
 ParOldGen       total 283648K, used 66463K [0x0000000080000000, 0x0000000091500000, 0x00000000d5580000)
  object space 283648K, 23% used [0x0000000080000000,0x00000000840e7ef8,0x0000000091500000)
 Metaspace       used 168315K, capacity 174890K, committed 180428K, reserved 1206272K
  class space    used 21905K, capacity 23236K, committed 24320K, reserved 1048576K
Event: 7385.638 GC heap after
Heap after GC invocations=52 (full 6):
 PSYoungGen      total 624640K, used 288K [0x00000000d5580000, 0x0000000100000000, 0x0000000100000000)
  eden space 551424K, 0% used [0x00000000d5580000,0x00000000d5580000,0x00000000f7000000)
  from space 73216K, 0% used [0x00000000fb880000,0x00000000fb8c8000,0x0000000100000000)
  to   space 73728K, 0% used [0x00000000f7000000,0x00000000f7000000,0x00000000fb800000)
 ParOldGen       total 283648K, used 66471K [0x0000000080000000, 0x0000000091500000, 0x00000000d5580000)
  object space 283648K, 23% used [0x0000000080000000,0x00000000840e9ef8,0x0000000091500000)
 Metaspace       used 168315K, capacity 174890K, committed 180428K, reserved 1206272K
  class space    used 21905K, capacity 23236K, committed 24320K, reserved 1048576K
}
Event: 7385.638 GC heap before
{Heap before GC invocations=53 (full 7):
 PSYoungGen      total 624640K, used 288K [0x00000000d5580000, 0x0000000100000000, 0x0000000100000000)
  eden space 551424K, 0% used [0x00000000d5580000,0x00000000d5580000,0x00000000f7000000)
  from space 73216K, 0% used [0x00000000fb880000,0x00000000fb8c8000,0x0000000100000000)
  to   space 73728K, 0% used [0x00000000f7000000,0x00000000f7000000,0x00000000fb800000)
 ParOldGen       total 283648K, used 66471K [0x0000000080000000, 0x0000000091500000, 0x00000000d5580000)
  object space 283648K, 23% used [0x0000000080000000,0x00000000840e9ef8,0x0000000091500000)
 Metaspace       used 168315K, capacity 174890K, committed 180428K, reserved 1206272K
  class space    used 21905K, capacity 23236K, committed 24320K, reserved 1048576K
Event: 7386.168 GC heap after
Heap after GC invocations=53 (full 7):
 PSYoungGen      total 624640K, used 0K [0x00000000d5580000, 0x0000000100000000, 0x0000000100000000)
  eden space 551424K, 0% used [0x00000000d5580000,0x00000000d5580000,0x00000000f7000000)
  from space 73216K, 0% used [0x00000000fb880000,0x00000000fb880000,0x0000000100000000)
  to   space 73728K, 0% used [0x00000000f7000000,0x00000000f7000000,0x00000000fb800000)
 ParOldGen       total 283648K, used 60503K [0x0000000080000000, 0x0000000091500000, 0x00000000d5580000)
  object space 283648K, 21% used [0x0000000080000000,0x0000000083b15ef8,0x0000000091500000)
 Metaspace       used 168300K, capacity 174866K, committed 180428K, reserved 1206272K
  class space    used 21903K, capacity 23232K, committed 24320K, reserved 1048576K
}

