# JRE version: OpenJDK Runtime Environment (8.0_242-b01) (build 1.8.0_242-release-1644-b01)
# Java VM: OpenJDK 64-Bit Server VM (25.242-b01 mixed mode windows-amd64 compressed oops)
Heap:
 PSYoungGen      total 334848K, used 282770K [0x00000000d5580000, 0x00000000efb80000, 0x0000000100000000)
  eden space 279040K, 100% used [0x00000000d5580000,0x00000000e6600000,0x00000000e6600000)
  from space 55808K, 6% used [0x00000000e6600000,0x00000000e69a4860,0x00000000e9c80000)
  to   space 55296K, 96% used [0x00000000ec580000,0x00000000ef979b30,0x00000000efb80000)
 ParOldGen       total 123904K, used 94551K [0x0000000080000000, 0x0000000087900000, 0x00000000d5580000)
  object space 123904K, 76% used [0x0000000080000000,0x0000000085c55c38,0x0000000087900000)
 Metaspace       used 90777K, capacity 95678K, committed 96024K, reserved 1132544K
  class space    used 12127K, capacity 13013K, committed 13104K, reserved 1048576K
GC Heap History (10 events):
Event: 16.426 GC heap after
Heap after GC invocations=14 (full 3):
 PSYoungGen      total 246272K, used 20334K [0x00000000d5580000, 0x00000000e8e80000, 0x0000000100000000)
  eden space 223744K, 0% used [0x00000000d5580000,0x00000000d5580000,0x00000000e3000000)
  from space 22528K, 90% used [0x00000000e3000000,0x00000000e43db978,0x00000000e4600000)
  to   space 25088K, 0% used [0x00000000e7600000,0x00000000e7600000,0x00000000e8e80000)
 ParOldGen       total 123904K, used 30758K [0x0000000080000000, 0x0000000087900000, 0x00000000d5580000)
  object space 123904K, 24% used [0x0000000080000000,0x0000000081e09b68,0x0000000087900000)
 Metaspace       used 66254K, capacity 69188K, committed 69400K, reserved 1110016K
  class space    used 9068K, capacity 9659K, committed 9776K, reserved 1048576K
}
Event: 138.865 GC heap before
{Heap before GC invocations=15 (full 3):
 PSYoungGen      total 246272K, used 244078K [0x00000000d5580000, 0x00000000e8e80000, 0x0000000100000000)
  eden space 223744K, 100% used [0x00000000d5580000,0x00000000e3000000,0x00000000e3000000)
  from space 22528K, 90% used [0x00000000e3000000,0x00000000e43db978,0x00000000e4600000)
  to   space 25088K, 0% used [0x00000000e7600000,0x00000000e7600000,0x00000000e8e80000)
 ParOldGen       total 123904K, used 30758K [0x0000000080000000, 0x0000000087900000, 0x00000000d5580000)
  object space 123904K, 24% used [0x0000000080000000,0x0000000081e09b68,0x0000000087900000)
 Metaspace       used 74484K, capacity 77612K, committed 77848K, reserved 1116160K
  class space    used 9896K, capacity 10495K, committed 10544K, reserved 1048576K
Event: 138.888 GC heap after
Heap after GC invocations=15 (full 3):
 PSYoungGen      total 287232K, used 25080K [0x00000000d5580000, 0x00000000e9180000, 0x0000000100000000)
  eden space 262144K, 0% used [0x00000000d5580000,0x00000000d5580000,0x00000000e5580000)
  from space 25088K, 99% used [0x00000000e7600000,0x00000000e8e7e1e8,0x00000000e8e80000)
  to   space 30720K, 0% used [0x00000000e5580000,0x00000000e5580000,0x00000000e7380000)
 ParOldGen       total 123904K, used 36086K [0x0000000080000000, 0x0000000087900000, 0x00000000d5580000)
  object space 123904K, 29% used [0x0000000080000000,0x000000008233d9b8,0x0000000087900000)
 Metaspace       used 74484K, capacity 77612K, committed 77848K, reserved 1116160K
  class space    used 9896K, capacity 10495K, committed 10544K, reserved 1048576K
}
Event: 426.077 GC heap before
{Heap before GC invocations=16 (full 3):
 PSYoungGen      total 287232K, used 287224K [0x00000000d5580000, 0x00000000e9180000, 0x0000000100000000)
  eden space 262144K, 100% used [0x00000000d5580000,0x00000000e5580000,0x00000000e5580000)
  from space 25088K, 99% used [0x00000000e7600000,0x00000000e8e7e1e8,0x00000000e8e80000)
  to   space 30720K, 0% used [0x00000000e5580000,0x00000000e5580000,0x00000000e7380000)
 ParOldGen       total 123904K, used 36086K [0x0000000080000000, 0x0000000087900000, 0x00000000d5580000)
  object space 123904K, 29% used [0x0000000080000000,0x000000008233d9b8,0x0000000087900000)
 Metaspace       used 78408K, capacity 81958K, committed 82200K, reserved 1120256K
  class space    used 10394K, capacity 11049K, committed 11056K, reserved 1048576K
Event: 426.118 GC heap after
Heap after GC invocations=16 (full 3):
 PSYoungGen      total 292864K, used 30713K [0x00000000d5580000, 0x00000000ec000000, 0x0000000100000000)
  eden space 262144K, 0% used [0x00000000d5580000,0x00000000d5580000,0x00000000e5580000)
  from space 30720K, 99% used [0x00000000e5580000,0x00000000e737e590,0x00000000e7380000)
  to   space 36352K, 0% used [0x00000000e9c80000,0x00000000e9c80000,0x00000000ec000000)
 ParOldGen       total 123904K, used 39214K [0x0000000080000000, 0x0000000087900000, 0x00000000d5580000)
  object space 123904K, 31% used [0x0000000080000000,0x000000008264bbf0,0x0000000087900000)
 Metaspace       used 78408K, capacity 81958K, committed 82200K, reserved 1120256K
  class space    used 10394K, capacity 11049K, committed 11056K, reserved 1048576K
}
Event: 427.969 GC heap before
{Heap before GC invocations=17 (full 3):
 PSYoungGen      total 292864K, used 291434K [0x00000000d5580000, 0x00000000ec000000, 0x0000000100000000)
  eden space 262144K, 99% used [0x00000000d5580000,0x00000000e541c380,0x00000000e5580000)
  from space 30720K, 99% used [0x00000000e5580000,0x00000000e737e590,0x00000000e7380000)
  to   space 36352K, 0% used [0x00000000e9c80000,0x00000000e9c80000,0x00000000ec000000)
 ParOldGen       total 123904K, used 39214K [0x0000000080000000, 0x0000000087900000, 0x00000000d5580000)
  object space 123904K, 31% used [0x0000000080000000,0x000000008264bbf0,0x0000000087900000)
 Metaspace       used 87402K, capacity 91908K, committed 92056K, reserved 1128448K
  class space    used 11783K, capacity 12610K, committed 12720K, reserved 1048576K
Event: 428.023 GC heap after
Heap after GC invocations=17 (full 3):
 PSYoungGen      total 315392K, used 36349K [0x00000000d5580000, 0x00000000eee80000, 0x0000000100000000)
  eden space 279040K, 0% used [0x00000000d5580000,0x00000000d5580000,0x00000000e6600000)
  from space 36352K, 99% used [0x00000000e9c80000,0x00000000ebfff4d8,0x00000000ec000000)
  to   space 55808K, 0% used [0x00000000e6600000,0x00000000e6600000,0x00000000e9c80000)
 ParOldGen       total 123904K, used 76472K [0x0000000080000000, 0x0000000087900000, 0x00000000d5580000)
  object space 123904K, 61% used [0x0000000080000000,0x0000000084aae1c0,0x0000000087900000)
 Metaspace       used 87402K, capacity 91908K, committed 92056K, reserved 1128448K
  class space    used 11783K, capacity 12610K, committed 12720K, reserved 1048576K
}
Event: 430.748 GC heap before
{Heap before GC invocations=18 (full 3):
 PSYoungGen      total 315392K, used 315283K [0x00000000d5580000, 0x00000000eee80000, 0x0000000100000000)
  eden space 279040K, 99% used [0x00000000d5580000,0x00000000e65e5798,0x00000000e6600000)
  from space 36352K, 99% used [0x00000000e9c80000,0x00000000ebfff4d8,0x00000000ec000000)
  to   space 55808K, 0% used [0x00000000e6600000,0x00000000e6600000,0x00000000e9c80000)
 ParOldGen       total 123904K, used 76472K [0x0000000080000000, 0x0000000087900000, 0x00000000d5580000)
  object space 123904K, 61% used [0x0000000080000000,0x0000000084aae1c0,0x0000000087900000)
 Metaspace       used 89682K, capacity 94388K, committed 94616K, reserved 1130496K
  class space    used 12035K, capacity 12910K, committed 12976K, reserved 1048576K
Event: 430.766 GC heap after
Heap after GC invocations=18 (full 3):
 PSYoungGen      total 334848K, used 3730K [0x00000000d5580000, 0x00000000efb80000, 0x0000000100000000)
  eden space 279040K, 0% used [0x00000000d5580000,0x00000000d5580000,0x00000000e6600000)
  from space 55808K, 6% used [0x00000000e6600000,0x00000000e69a4860,0x00000000e9c80000)
  to   space 55296K, 0% used [0x00000000ec580000,0x00000000ec580000,0x00000000efb80000)
 ParOldGen       total 123904K, used 94543K [0x0000000080000000, 0x0000000087900000, 0x00000000d5580000)
  object space 123904K, 76% used [0x0000000080000000,0x0000000085c53c38,0x0000000087900000)
 Metaspace       used 89682K, capacity 94388K, committed 94616K, reserved 1130496K
  class space    used 12035K, capacity 12910K, committed 12976K, reserved 1048576K
}
Event: 544.655 GC heap before
{Heap before GC invocations=19 (full 3):
 PSYoungGen      total 334848K, used 282770K [0x00000000d5580000, 0x00000000efb80000, 0x0000000100000000)
  eden space 279040K, 100% used [0x00000000d5580000,0x00000000e6600000,0x00000000e6600000)
  from space 55808K, 6% used [0x00000000e6600000,0x00000000e69a4860,0x00000000e9c80000)
  to   space 55296K, 0% used [0x00000000ec580000,0x00000000ec580000,0x00000000efb80000)
 ParOldGen       total 123904K, used 94543K [0x0000000080000000, 0x0000000087900000, 0x00000000d5580000)
  object space 123904K, 76% used [0x0000000080000000,0x0000000085c53c38,0x0000000087900000)
 Metaspace       used 90777K, capacity 95678K, committed 96024K, reserved 1132544K
  class space    used 12127K, capacity 13013K, committed 13104K, reserved 1048576K

